<?xml version="1.0" encoding="utf-8"?><testsuites name="pytest tests"><testsuite name="pytest" errors="0" failures="0" skipped="0" tests="9" time="6.974" timestamp="2026-09-23T09:30:15.636713+00:00" hostname="agent-env-8989990b-4725-415f-907b-4d99a91953ed"><testcase classname="tests.test_export_sku_bom_iter226" name="test_sheets_present" time="3.920" /><testcase classname="tests.test_export_sku_bom_iter226" name="test_row_counts_match_db" time="0.075" /><testcase classname="tests.test_export_sku_bom_iter226" name="test_each_sku_present" time="0.003" /><testcase classname="tests.test_export_sku_bom_iter226" name="test_specific_sku_statuses" time="0.001" /><testcase classname="tests.test_export_sku_bom_iter226" name="test_no_variant_models" time="0.001" /><testcase classname="tests.test_export_sku_bom_iter226" name="test_detail_matches_db_sample" time="0.034" /><testcase classname="tests.test_export_sku_bom_iter226" name="test_model_status_counts" time="0.000" /><testcase classname="tests.test_export_sku_bom_iter226" name="test_matches_laporan_kekosongan" time="0.710" /><testcase classname="tests.test_export_sku_bom_iter226" name="test_public_download" time="0.393" /></testsuite></testsuites>