<?xml version="1.0" encoding="utf-8"?><testsuites name="pytest tests"><testsuite name="pytest" errors="0" failures="0" skipped="0" tests="18" time="4.104" timestamp="2026-09-23T16:50:10.801884+00:00" hostname="agent-env-8989990b-4725-415f-907b-4d99a91953ed"><testcase classname="tests.test_iter230_final_audit.TestRegression" name="test_health" time="0.378" /><testcase classname="tests.test_iter230_final_audit.TestAuditFindingsBoard" name="test_admin_get_findings" time="0.518" /><testcase classname="tests.test_iter230_final_audit.TestRegression" name="test_financial_recap" time="0.521" /><testcase classname="tests.test_iter230_final_audit.TestRegression" name="test_rnd_completeness" time="0.231" /><testcase classname="tests.test_iter230_final_audit.TestRegression" name="test_maklon_production_detail" time="0.188" /><testcase classname="tests.test_iter230_final_audit.TestFin15InfNan" name="test_journal_infinity_rejected" time="0.183" /><testcase classname="tests.test_iter230_final_audit.TestFin15InfNan" name="test_journal_nan_rejected" time="0.160" /><testcase classname="tests.test_iter230_final_audit.TestProd01ConfirmMI" name="test_confirm_returns_410" time="0.140" /><testcase classname="tests.test_iter230_final_audit.TestFin17ConcurrentPost" name="test_concurrent_post_atomic" time="0.586" /><testcase classname="tests.test_iter230_final_audit.TestAuditFindingsBoard" name="test_rnd_staff_forbidden" time="1.782" /><testcase classname="tests.test_iter230_final_audit.TestRnd04Deprecated" name="test_compute_from_bom_410" time="0.165" /><testcase classname="tests.test_iter230_final_audit.TestFin14Recurring" name="test_recurring_uses_template_only" time="0.177" /><testcase classname="tests.test_iter230_final_audit.TestRnd04Deprecated" name="test_propagate_410" time="0.166" /><testcase classname="tests.test_iter230_final_audit.TestFin13VoidBankTransfer" name="test_void_without_je" time="0.298" /><testcase classname="tests.test_iter230_final_audit.TestFin20cWriteOffDraft" name="test_write_off_draft_rejected" time="0.150" /><testcase classname="tests.test_iter230_final_audit.TestFin18BankReconDedup" name="test_add_transaction_dedup" time="0.659" /><testcase classname="tests.test_iter230_final_audit.TestFin21SeedAccounting" name="test_seed_eem_ok" time="0.166" /><testcase classname="tests.test_iter230_final_audit.TestMak02NavLabel" name="test_label_tracking_order" time="0.001" /></testsuite></testsuites>