<?xml version="1.0" encoding="utf-8"?><testsuites name="pytest tests"><testsuite name="pytest" errors="0" failures="0" skipped="0" tests="19" time="6.276" timestamp="2026-09-24T07:17:09.759274+00:00" hostname="agent-env-8989990b-4725-415f-907b-4d99a91953ed"><testcase classname="tests.test_iter234_gdg2_and_additional_accessories" name="test_A01_config_default_false" time="0.585" /><testcase classname="tests.test_iter234_gdg2_and_additional_accessories" name="test_A02_create_po_internal_confirmed" time="0.155" /><testcase classname="tests.test_iter234_gdg2_and_additional_accessories" name="test_A03_create_job_and_mi_draft_autofilled" time="0.155" /><testcase classname="tests.test_iter234_gdg2_and_additional_accessories" name="test_A04_progress_ok_when_toggle_off" time="0.145" /><testcase classname="tests.test_iter234_gdg2_and_additional_accessories" name="test_A05_toggle_on_blocks_progress" time="0.246" /><testcase classname="tests.test_iter234_gdg2_and_additional_accessories" name="test_A06_submit_and_approve_mi" time="0.299" /><testcase classname="tests.test_iter234_gdg2_and_additional_accessories" name="test_A07_progress_ok_after_issued" time="0.135" /><testcase classname="tests.test_iter234_gdg2_and_additional_accessories" name="test_A08_revert_config_to_false" time="0.242" /><testcase classname="tests.test_iter234_gdg2_and_additional_accessories" name="test_B01_create_po_internal_for_accessory_flow" time="0.236" /><testcase classname="tests.test_iter234_gdg2_and_additional_accessories" name="test_B02_create_vendor_shipment" time="0.306" /><testcase classname="tests.test_iter234_gdg2_and_additional_accessories" name="test_B03_receive_shipment" time="0.117" /><testcase classname="tests.test_iter234_gdg2_and_additional_accessories" name="test_B04_inspect_with_shortage" time="0.265" /><testcase classname="tests.test_iter234_gdg2_and_additional_accessories" name="test_B05_create_material_request_additional" time="0.251" /><testcase classname="tests.test_iter234_gdg2_and_additional_accessories" name="test_B06_list_additional_carries_accessory_shortages" time="0.126" /><testcase classname="tests.test_iter234_gdg2_and_additional_accessories" name="test_B07_approve_with_custom_accessory_qty" time="0.248" /><testcase classname="tests.test_iter234_gdg2_and_additional_accessories" name="test_B08_child_shipment_has_accessories_in_get" time="0.132" /><testcase classname="tests.test_iter234_gdg2_and_additional_accessories" name="test_B09_component_requests_fulfilled" time="0.077" /><testcase classname="tests.test_iter234_gdg2_and_additional_accessories" name="test_C01_flow_without_accessory_items_in_body" time="1.102" /><testcase classname="tests.test_iter234_gdg2_and_additional_accessories" name="test_zzz_cleanup" time="1.354" /></testsuite></testsuites>