<?xml version="1.0" encoding="utf-8"?><testsuites name="pytest tests"><testsuite name="pytest" errors="0" failures="0" skipped="1" tests="26" time="6.765" timestamp="2026-09-23T15:38:37.896991+00:00" hostname="agent-env-8989990b-4725-415f-907b-4d99a91953ed"><testcase classname="tests.test_iter228_audit_fase1.TestRND03WriteGuard" name="test_cmt_vendor_post_style_forbidden" time="0.503" /><testcase classname="tests.test_iter228_audit_fase1.TestRND03WriteGuard" name="test_cmt_vendor_get_style_not_blocked_by_write_guard" time="0.219" /><testcase classname="tests.test_iter228_audit_fase1.TestRND03WriteGuard" name="test_admin_post_and_delete" time="0.853" /><testcase classname="tests.test_iter228_audit_fase1.TestRND03WriteGuard" name="test_rnd_staff_post_and_delete" time="0.534" /><testcase classname="tests.test_iter228_audit_fase1.TestRND01Promote" name="test_promote_creates_model" time="0.654" /><testcase classname="tests.test_iter228_audit_fase1.TestRND02ProductViewer" name="test_no_rahaza_stock_reference_in_code" time="0.000" /><testcase classname="tests.test_iter228_audit_fase1.TestRND02ProductViewer" name="test_viewer_returns_stock_qty" time="0.154" /><testcase classname="tests.test_iter228_audit_fase1.TestMAK01StageQty" name="test_stage_qty_roundtrip" time="1.348"><skipped type="pytest.skip" message="no maklon PO available">/app/backend/tests/test_iter228_audit_fase1.py:238: no maklon PO available</skipped></testcase><testcase classname="tests.test_iter228_audit_fase1.TestPROD02CmtComponent" name="test_vendor_post_forbidden" time="0.138" /><testcase classname="tests.test_iter228_audit_fase1.TestPROD02CmtComponent" name="test_admin_get_ok" time="0.160" /><testcase classname="tests.test_iter228_audit_fase1.TestFIN03Kasbon" name="test_rnd_staff_other_employee_forbidden" time="0.141" /><testcase classname="tests.test_iter228_audit_fase1.TestFIN03Kasbon" name="test_rnd_staff_hr_review_forbidden" time="0.215" /><testcase classname="tests.test_iter228_audit_fase1.TestFIN03Kasbon" name="test_rnd_staff_disburse_forbidden" time="0.138" /><testcase classname="tests.test_iter228_audit_fase1.TestFIN03Kasbon" name="test_rnd_staff_seed_forbidden" time="0.176" /><testcase classname="tests.test_iter228_audit_fase1.TestFIN03Kasbon" name="test_hr_hr_review_not_forbidden" time="0.403" /><testcase classname="tests.test_iter228_audit_fase1.TestFIN10ParseIDR" name="test_parse[1.500.000,50-1500000.5]" time="0.205" /><testcase classname="tests.test_iter228_audit_fase1.TestFIN10ParseIDR" name="test_parse[1,500,000.50-1500000.5]" time="0.000" /><testcase classname="tests.test_iter228_audit_fase1.TestFIN10ParseIDR" name="test_parse[1500000.50-1500000.5]" time="0.000" /><testcase classname="tests.test_iter228_audit_fase1.TestFIN10ParseIDR" name="test_parse[1.500.000-1500000]" time="0.000" /><testcase classname="tests.test_iter228_audit_fase1.TestFIN10ParseIDR" name="test_parse[Rp 250.000-250000]" time="0.000" /><testcase classname="tests.test_iter228_audit_fase1.TestFIN10ParseIDR" name="test_parse[(1.000,00)--1000]" time="0.000" /><testcase classname="tests.test_iter228_audit_fase1.TestFIN10ParseIDR" name="test_parse[-2500.75--2500.75]" time="0.000" /><testcase classname="tests.test_iter228_audit_fase1.TestRegression" name="test_health" time="0.144" /><testcase classname="tests.test_iter228_audit_fase1.TestRegression" name="test_completeness" time="0.258" /><testcase classname="tests.test_iter228_audit_fase1.TestRegression" name="test_tech_packs_search" time="0.140" /><testcase classname="tests.test_iter228_audit_fase1.TestRegression" name="test_export_xlsx" time="0.214" /></testsuite></testsuites>