<?xml version="1.0" encoding="utf-8"?><testsuites name="pytest tests"><testsuite name="pytest" errors="0" failures="0" skipped="0" tests="12" time="3.166" timestamp="2026-09-23T17:42:39.001487+00:00" hostname="agent-env-8989990b-4725-415f-907b-4d99a91953ed"><testcase classname="tests.test_iter232_docnum_produksi_maklon.TestPolicies" name="test_po_internal_policy" time="0.380" /><testcase classname="tests.test_iter232_docnum_produksi_maklon.TestPolicies" name="test_shipment_policy" time="0.086" /><testcase classname="tests.test_iter232_docnum_produksi_maklon.TestPolicies" name="test_maklon_permak_retur_policy" time="0.249" /><testcase classname="tests.test_iter232_docnum_produksi_maklon.TestPolicies" name="test_admin_doc_numbering_has_shipment" time="0.112" /><testcase classname="tests.test_iter232_docnum_produksi_maklon.TestProductionPO" name="test_internal_auto" time="0.178" /><testcase classname="tests.test_iter232_docnum_produksi_maklon.TestProductionPO" name="test_internal_typed_rejected" time="0.137" /><testcase classname="tests.test_iter232_docnum_produksi_maklon.TestProductionPO" name="test_maklon_auto" time="0.105" /><testcase classname="tests.test_iter232_docnum_produksi_maklon.TestShipments" name="test_shipment_auto_seq" time="0.398" /><testcase classname="tests.test_iter232_docnum_produksi_maklon.TestShipments" name="test_shipment_typed_rejected" time="0.089" /><testcase classname="tests.test_iter232_docnum_produksi_maklon.TestShipments" name="test_rollback_does_not_leak_number" time="0.353" /><testcase classname="tests.test_iter232_docnum_produksi_maklon.TestManualMode" name="test_manual_flow" time="0.573" /><testcase classname="tests.test_iter232_docnum_produksi_maklon" name="test_zzz_cleanup" time="0.446" /></testsuite></testsuites>