<?xml version="1.0" encoding="utf-8"?><testsuites name="pytest tests"><testsuite name="pytest" errors="0" failures="1" skipped="0" tests="25" time="5.499" timestamp="2026-09-23T16:19:12.357634+00:00" hostname="agent-env-8989990b-4725-415f-907b-4d99a91953ed"><testcase classname="tests.test_iter229_finance_audit.TestFIN02_FIN04_RBAC" name="test_staff_keuangan_list_journals" time="0.843" /><testcase classname="tests.test_iter229_finance_audit.TestFIN02_FIN04_RBAC" name="test_accounting_list_journals" time="0.352" /><testcase classname="tests.test_iter229_finance_audit.TestFIN02_FIN04_RBAC" name="test_staff_keuangan_trial_balance" time="0.224" /><testcase classname="tests.test_iter229_finance_audit.TestFIN02_FIN04_RBAC" name="test_accounting_trial_balance" time="0.153" /><testcase classname="tests.test_iter229_finance_audit.TestFIN02_FIN04_RBAC" name="test_rnd_forbidden_reports" time="0.370" /><testcase classname="tests.test_iter229_finance_audit.TestFIN02_FIN04_RBAC" name="test_rnd_forbidden_accruals" time="0.163" /><testcase classname="tests.test_iter229_finance_audit.TestFIN02_FIN04_RBAC" name="test_rnd_forbidden_budgets" time="0.127" /><testcase classname="tests.test_iter229_finance_audit.TestFIN01_FinancialRecap" name="test_no_params_returns_200" time="0.177" /><testcase classname="tests.test_iter229_finance_audit.TestFIN01_FinancialRecap" name="test_with_fixtures_september_2026" time="0.142" /><testcase classname="tests.test_iter229_finance_audit.TestFIN09_AR360" name="test_ar360_dashboard_total_receivable" time="0.183" /><testcase classname="tests.test_iter229_finance_audit.TestFIN08_BudgetVariance" name="test_variance_computed" time="0.190" /><testcase classname="tests.test_iter229_finance_audit.TestFIN16_KasbonRepayment" name="test_first_repayment_200" time="0.160" /><testcase classname="tests.test_iter229_finance_audit.TestFIN16_KasbonRepayment" name="test_second_repayment_same_period_400" time="0.181" /><testcase classname="tests.test_iter229_finance_audit.TestFIN16_KasbonRepayment" name="test_document_state" time="0.002" /><testcase classname="tests.test_iter229_finance_audit.TestFIN07_APDiscount" name="test_pay_with_discount" time="0.148" /><testcase classname="tests.test_iter229_finance_audit.TestFIN05_PettyCash" name="test_create_fund" time="0.160" /><testcase classname="tests.test_iter229_finance_audit.TestFIN05_PettyCash" name="test_expense_txn" time="0.278" /><testcase classname="tests.test_iter229_finance_audit.TestFIN05_PettyCash" name="test_return_exceeds_open_advance" time="0.151" /><testcase classname="tests.test_iter229_finance_audit.TestFIN05_PettyCash" name="test_close_fund" time="0.180" /><testcase classname="tests.test_iter229_finance_audit.TestFIN06_DDB" name="test_ddb_month1_and_last" time="0.178" /><testcase classname="tests.test_iter229_finance_audit.TestMAK01_StageQty" name="test_production_detail_cutting_input_123" time="0.151" /><testcase classname="tests.test_iter229_finance_audit.TestMAK01_StageQty" name="test_put_sewing_qty_in_77" time="0.330"><failure message="AssertionError: sewing_input expected 77 but backend does not persist qty_in for 'sewing' stage. stage_qty={'qty_produced': 0, 'qty_dispatched': 0, 'cutting_input': 123}&#10;assert None == 77&#10; +  where None = &lt;built-in method get of dict object at 0xfa98994c3940&gt;('sewing_input')&#10; +    where &lt;built-in method get of dict object at 0xfa98994c3940&gt; = {'qty_produced': 0, 'qty_dispatched': 0, 'cutting_input': 123}.get">backend/tests/test_iter229_finance_audit.py:470: in test_put_sewing_qty_in_77
    assert sq.get("sewing_input") == 77, \
E   AssertionError: sewing_input expected 77 but backend does not persist qty_in for 'sewing' stage. stage_qty={'qty_produced': 0, 'qty_dispatched': 0, 'cutting_input': 123}
E   assert None == 77
E    +  where None = &lt;built-in method get of dict object at 0xfa98994c3940&gt;('sewing_input')
E    +    where &lt;built-in method get of dict object at 0xfa98994c3940&gt; = {'qty_produced': 0, 'qty_dispatched': 0, 'cutting_input': 123}.get</failure></testcase><testcase classname="tests.test_iter229_finance_audit.TestRegression" name="test_health" time="0.118" /><testcase classname="tests.test_iter229_finance_audit.TestRegression" name="test_rnd_completeness" time="0.166" /><testcase classname="tests.test_iter229_finance_audit.TestRegression" name="test_kasbon_list" time="0.182" /></testsuite></testsuites>