<?xml version="1.0" encoding="utf-8"?><testsuites name="pytest tests"><testsuite name="pytest" errors="0" failures="0" skipped="0" tests="9" time="5.816" timestamp="2026-09-23T18:08:46.969529+00:00" hostname="agent-env-8989990b-4725-415f-907b-4d99a91953ed"><testcase classname="tests.test_iter233_negative_stock" name="test_01_config_default_on" time="1.474" /><testcase classname="tests.test_iter233_negative_stock" name="test_02_create_po_internal" time="1.641" /><testcase classname="tests.test_iter233_negative_stock" name="test_03_preview_on_nonblocking" time="0.149" /><testcase classname="tests.test_iter233_negative_stock" name="test_04_create_shipment_negative_stock" time="0.197" /><testcase classname="tests.test_iter233_negative_stock" name="test_05_verify_negative_stock_in_db" time="0.185" /><testcase classname="tests.test_iter233_negative_stock" name="test_06_second_shipment_makes_more_negative" time="0.466" /><testcase classname="tests.test_iter233_negative_stock" name="test_07_toggle_off_blocks" time="0.626" /><testcase classname="tests.test_iter233_negative_stock" name="test_08_toggle_back_on" time="0.279" /><testcase classname="tests.test_iter233_negative_stock" name="test_99_cleanup" time="0.712" /></testsuite></testsuites>