<?xml version="1.0" encoding="utf-8"?><testsuites name="pytest tests"><testsuite name="pytest" errors="0" failures="1" skipped="0" tests="17" time="11.835" timestamp="2026-09-23T17:18:08.332556+00:00" hostname="agent-env-8989990b-4725-415f-907b-4d99a91953ed"><testcase classname="tests.test_iter231_chunkload_fix" name="test_lazy_imports_all_use_lazy_retry" time="0.153" /><testcase classname="tests.test_iter231_chunkload_fix" name="test_error_boundary_auto_reload_for_chunk_load" time="0.000" /><testcase classname="tests.test_iter231_chunkload_fix" name="test_lazy_retry_uses_isChunkLoadError_and_reload" time="0.000" /><testcase classname="tests.test_iter231_chunkload_fix" name="test_rebuild_script_preserves_old_chunks" time="0.000" /><testcase classname="tests.test_iter231_chunkload_fix" name="test_health" time="0.393" /><testcase classname="tests.test_iter231_chunkload_fix" name="test_audit_findings_total_30" time="0.413" /><testcase classname="tests.test_iter231_chunkload_fix" name="test_rnd_completeness" time="0.215" /><testcase classname="tests.test_iter231_chunkload_fix" name="test_financial_recap" time="0.155" /><testcase classname="tests.test_iter231_chunkload_fix" name="test_download_konsolidasi_gzip" time="0.328" /><testcase classname="tests.test_iter231_chunkload_fix" name="test_maklon_production_detail_cutting" time="0.194" /><testcase classname="tests.test_iter231_chunkload_fix" name="test_cut_panel_materials_zero_priced" time="0.012" /><testcase classname="tests.test_iter231_chunkload_fix" name="test_active_boms_cut_panel_lines_zero" time="0.016" /><testcase classname="tests.test_iter231_chunkload_fix" name="test_active_models_hpp_menunggu_cutting" time="0.001"><failure message="AssertionError: active models count 0 != 98&#10;assert 0 == 98&#10; +  where 0 = len([])">backend/tests/test_iter231_chunkload_fix.py:172: in test_active_models_hpp_menunggu_cutting
    assert len(active) == 98, f"active models count {len(active)} != 98"
E   AssertionError: active models count 0 != 98
E   assert 0 == 98
E    +  where 0 = len([])</failure></testcase><testcase classname="tests.test_iter231_chunkload_fix" name="test_master_fill_recalc_gated" time="0.000" /><testcase classname="tests.test_iter231_chunkload_fix" name="test_uji_t5_reports" time="3.125" /><testcase classname="tests.test_iter231_chunkload_fix" name="test_uji_t1_recap" time="3.023" /><testcase classname="tests.test_iter231_chunkload_fix" name="test_uji_t9_control" time="2.991" /></testsuite></testsuites>