<?xml version="1.0" encoding="utf-8"?><testsuites name="pytest tests"><testsuite name="pytest" errors="0" failures="0" skipped="0" tests="37" time="6.202" timestamp="2026-09-23T14:59:52.206327+00:00" hostname="agent-env-8989990b-4725-415f-907b-4d99a91953ed"><testcase classname="tests.test_konsolidasi_iter227.TestMaterialPrices" name="test_price[A-K22-0014-pcs-46.0]" time="0.002" /><testcase classname="tests.test_konsolidasi_iter227.TestVariantsCreated" name="test_new_variants_exist_active_with_bom[DA-1209-HTM-S]" time="0.004" /><testcase classname="tests.test_konsolidasi_iter227.TestMaterialPrices" name="test_price[A-REN-0004-cm-11.9167]" time="0.001" /><testcase classname="tests.test_konsolidasi_iter227.TestMaterialPrices" name="test_price[A-KRT-0007-cm-0.4701]" time="0.001" /><testcase classname="tests.test_konsolidasi_iter227.TestMaterialPrices" name="test_price[A-BIS-0001-cm-3.4899]" time="0.001" /><testcase classname="tests.test_konsolidasi_iter227.TestVariantsCreated" name="test_new_variants_exist_active_with_bom[DA-1210-HTM-M]" time="0.002" /><testcase classname="tests.test_konsolidasi_iter227.TestMaterialPrices" name="test_price[A-LBL-0004-pcs-61.8]" time="0.001" /><testcase classname="tests.test_konsolidasi_iter227.TestVariantsCreated" name="test_new_variants_exist_active_with_bom[DA-1211-HTM-L]" time="0.002" /><testcase classname="tests.test_konsolidasi_iter227.TestMaterialPrices" name="test_price[A-PIN-0001-pcs-3.96]" time="0.001" /><testcase classname="tests.test_konsolidasi_iter227.TestMaterialPrices" name="test_price[A-HTG-0003-pcs-88.0]" time="0.001" /><testcase classname="tests.test_konsolidasi_iter227.TestVariantsCreated" name="test_new_variants_exist_active_with_bom[DA-3302-HTM-XL]" time="0.044" /><testcase classname="tests.test_konsolidasi_iter227.TestMaterialPrices" name="test_a_k22_uoms_gross_factor" time="0.001" /><testcase classname="tests.test_konsolidasi_iter227.TestMaterialPrices" name="test_a_lbl_roll_1000" time="0.041" /><testcase classname="tests.test_konsolidasi_iter227.TestMaterialPrices" name="test_a_pin_pack_5000" time="0.001" /><testcase classname="tests.test_konsolidasi_iter227.TestMaterialPrices" name="test_a_tlk_0001_exists" time="0.001" /><testcase classname="tests.test_konsolidasi_iter227.TestVariantsCreated" name="test_da_2201_has_accessory" time="0.001" /><testcase classname="tests.test_konsolidasi_iter227.TestHPP" name="test_hpp[DA-4104-10572.13]" time="0.001" /><testcase classname="tests.test_konsolidasi_iter227.TestVariantsCreated" name="test_forbidden_variants_absent" time="0.001" /><testcase classname="tests.test_konsolidasi_iter227.TestHPP" name="test_hpp[DA-1101-37227.58]" time="0.001" /><testcase classname="tests.test_konsolidasi_iter227.TestHPP" name="test_hpp[DA-1508-22051.62]" time="0.001" /><testcase classname="tests.test_konsolidasi_iter227.TestVariantsCreated" name="test_discontinued_models_inactive" time="0.003" /><testcase classname="tests.test_konsolidasi_iter227.TestHPP" name="test_hpp[DA-1509-21546.14]" time="0.001" /><testcase classname="tests.test_konsolidasi_iter227.TestRnD" name="test_tech_packs" time="0.006" /><testcase classname="tests.test_konsolidasi_iter227.TestDBInvariants" name="test_variant_and_bom_counts" time="0.003" /><testcase classname="tests.test_konsolidasi_iter227.TestDBInvariants" name="test_all_boms_version_1" time="0.001" /><testcase classname="tests.test_konsolidasi_iter227.TestDBInvariants" name="test_active_variant_has_exactly_one_active_bom" time="0.312" /><testcase classname="tests.test_konsolidasi_iter227.TestRnD" name="test_rnd_materials_count" time="0.001" /><testcase classname="tests.test_konsolidasi_iter227.TestRnD" name="test_rnd_styles" time="0.001" /><testcase classname="tests.test_konsolidasi_iter227.TestBOMContent" name="test_each_active_bom_has_cut_hangtag_pin_accessory" time="0.095" /><testcase classname="tests.test_konsolidasi_iter227.TestBOMContent" name="test_material_links_and_costs" time="0.022" /><testcase classname="tests.test_konsolidasi_iter227.TestDownloads" name="test_export_sku_bom" time="0.435" /><testcase classname="tests.test_konsolidasi_iter227.TestAPI" name="test_completeness" time="0.438" /><testcase classname="tests.test_konsolidasi_iter227.TestDownloads" name="test_laporan_md" time="0.213" /><testcase classname="tests.test_konsolidasi_iter227.TestAPI" name="test_tech_packs_search_lyora" time="0.146" /><testcase classname="tests.test_konsolidasi_iter227.TestLaporanKekosongan" name="test_run_script" time="0.717" /><testcase classname="tests.test_konsolidasi_iter227.TestAPI" name="test_harga_review_xlsx" time="1.125" /><testcase classname="tests.test_konsolidasi_iter227.TestKonsolidasiDryRun" name="test_dry_run" time="3.139" /></testsuite></testsuites>