<?xml version="1.0" encoding="utf-8"?><testsuites name="pytest tests"><testsuite name="pytest" errors="0" failures="0" skipped="0" tests="5" time="2.891" timestamp="2026-09-25T05:39:39.081175+00:00" hostname="agent-env-cfd1680c-2216-4352-8a54-f4b3300f02e6"><testcase classname="tests.test_iter131_finance_payout_banks" name="test_bank_options_returns_all_active" time="0.751" /><testcase classname="tests.test_iter131_finance_payout_banks" name="test_coa_options_cash_matches_banks" time="0.137" /><testcase classname="tests.test_iter131_finance_payout_banks" name="test_new_bank_appears_in_bank_options" time="0.423" /><testcase classname="tests.test_iter131_finance_payout_banks" name="test_set_payout_bank_validates" time="0.584" /><testcase classname="tests.test_iter131_finance_payout_banks" name="test_withdrawal_cash_code_and_journal" time="0.857" /></testsuite></testsuites>